[debug] [2023-07-20T00:30:27.882Z] ----------------------------------------------------------------------
[debug] [2023-07-20T00:30:27.884Z] Command:       C:\Program Files\nodejs\node.exe C:\Users\paull\AppData\Roaming\npm\node_modules\firebase-tools\lib\bin\firebase.js init emulators
[debug] [2023-07-20T00:30:27.884Z] CLI Version:   12.4.4
[debug] [2023-07-20T00:30:27.885Z] Platform:      win32
[debug] [2023-07-20T00:30:27.885Z] Node Version:  v16.16.0
[debug] [2023-07-20T00:30:27.885Z] Time:          Wed Jul 19 2023 19:30:27 GMT-0500 (Central Daylight Time)
[debug] [2023-07-20T00:30:27.886Z] ----------------------------------------------------------------------
[debug] 
[debug] [2023-07-20T00:30:27.888Z] >>> [apiv2][query] GET https://firebase-public.firebaseio.com/cli.json [none]
[debug] [2023-07-20T00:30:27.964Z] > command requires scopes: ["email","openid","https://www.googleapis.com/auth/cloudplatformprojects.readonly","https://www.googleapis.com/auth/firebase","https://www.googleapis.com/auth/cloud-platform"]
[debug] [2023-07-20T00:30:27.964Z] > authorizing via signed-in user (mullenpaull@gmail.com)
[info] 
     ######## #### ########  ######## ########     ###     ######  ########
     ##        ##  ##     ## ##       ##     ##  ##   ##  ##       ##
     ######    ##  ########  ######   ########  #########  ######  ######
     ##        ##  ##    ##  ##       ##     ## ##     ##       ## ##
     ##       #### ##     ## ######## ########  ##     ##  ######  ########

You're about to initialize a Firebase project in this directory:

  C:\Users\paull\OneDrive\Documents\Potters House\alfarero

Before we get started, keep in mind:

  * You are initializing within an existing Firebase project directory

[debug] [2023-07-20T00:30:27.987Z] *** [apiv2] error from fetch(https://firebase-public.firebaseio.com/cli.json, {"headers":{},"method":"GET"}): FetchError: request to https://firebase-public.firebaseio.com/cli.json failed, reason: getaddrinfo ENOTFOUND firebase-public.firebaseio.com
[warn] !  Unable to fetch the CLI MOTD and remote config. 
[debug] [2023-07-20T00:30:27.990Z] Failed to fetch MOTD FirebaseError: Failed to make request to https://firebase-public.firebaseio.com/cli.json
